<?xml version="1.0" encoding="UTF-8"?>
<!-- Generated by org.testng.reporters.JUnitXMLReporter -->
<testsuite ignored="2" hostname="L-INE-JQSQVG3" failures="1" tests="1" name="Default test(failed)" time="9.759" errors="0" timestamp="2025-08-04T10:57:14 IST">
  <testcase classname="session45_DataProvANDParallel.ParallelTest" name="testlogo" time="0.138">
    <failure type="java.lang.AssertionError" message="expected [false] but found [true]">
      <![CDATA[java.lang.AssertionError: expected [false] but found [true]
at session45_DataProvANDParallel.ParallelTest.testlogo(ParallelTest.java:31)
at java.base/java.util.ArrayList.forEach(ArrayList.java:1511)
... Removed 34 stack frames]]>
    </failure>
  </testcase> <!-- testlogo -->
  <testcase classname="session45_DataProvANDParallel.ParallelTest" name="testURL" time="0.0">
    <ignored/>
  </testcase> <!-- testURL -->
  <testcase classname="session45_DataProvANDParallel.ParallelTest" name="testTitle" time="0.0">
    <ignored/>
  </testcase> <!-- testTitle -->
</testsuite> <!-- Default test(failed) -->
