<?xml version="1.0" encoding="UTF-8"?>
<!-- Generated by org.testng.reporters.JUnitXMLReporter -->
<testsuite ignored="6" hostname="L-INE-JQSQVG3" failures="0" tests="2" name="groupingTests" time="0.096" errors="0" timestamp="2025-08-01T17:31:48 IST">
  <testcase classname="session44_DependencyANDGrouping.GroupingPaymentTest" name="paymentinRupees" time="0.013"/>
  <testcase classname="session44_DependencyANDGrouping.GroupingPaymentTest" name="paymentinDollars" time="0.002"/>
  <testcase classname="session44_DependencyANDGrouping.GroupingLogin" name="loginByTwittwe" time="0.0">
    <ignored/>
  </testcase> <!-- loginByTwittwe -->
  <testcase classname="session44_DependencyANDGrouping.GroupingLogin" name="loginByEmail" time="0.0">
    <ignored/>
  </testcase> <!-- loginByEmail -->
  <testcase classname="session44_DependencyANDGrouping.GroupingSignup" name="singupByTwitter" time="0.0">
    <ignored/>
  </testcase> <!-- singupByTwitter -->
  <testcase classname="session44_DependencyANDGrouping.GroupingSignup" name="singupByFacebook" time="0.0">
    <ignored/>
  </testcase> <!-- singupByFacebook -->
  <testcase classname="session44_DependencyANDGrouping.GroupingLogin" name="loginByFacebook" time="0.0">
    <ignored/>
  </testcase> <!-- loginByFacebook -->
  <testcase classname="session44_DependencyANDGrouping.GroupingSignup" name="singupByEmail" time="0.0">
    <ignored/>
  </testcase> <!-- singupByEmail -->
</testsuite> <!-- groupingTests -->
