<?xml version="1.0" encoding="UTF-8"?>
<!-- Generated by org.testng.reporters.JUnitXMLReporter -->
<testsuite ignored="0" hostname="L-INE-JQSQVG3" failures="0" tests="3" name="ChromeTest" time="36.163" errors="0" timestamp="2025-08-04T12:40:22 IST">
  <testcase classname="session45_DataProvANDParallel.ParallelTest" name="testlogo" time="7.961"/>
  <testcase classname="session45_DataProvANDParallel.ParallelTest" name="testTitle" time="0.033"/>
  <testcase classname="session45_DataProvANDParallel.ParallelTest" name="testURL" time="0.024"/>
</testsuite> <!-- ChromeTest -->
