<?xml version="1.0" encoding="UTF-8"?>
<!-- Generated by org.testng.reporters.JUnitXMLReporter -->
<testsuite ignored="0" hostname="L-INE-JQSQVG3" failures="0" tests="3" name="EdgeTest" time="0.554" errors="0" timestamp="2025-08-04T12:41:03 IST">
  <testcase classname="session45_DataProvANDParallel.ParallelTest" name="testlogo" time="0.0">
    <skipped/>
  </testcase> <!-- testlogo -->
  <testcase classname="session45_DataProvANDParallel.ParallelTest" name="testTitle" time="0.0">
    <skipped/>
  </testcase> <!-- testTitle -->
  <testcase classname="session45_DataProvANDParallel.ParallelTest" name="testURL" time="0.0">
    <skipped/>
  </testcase> <!-- testURL -->
</testsuite> <!-- EdgeTest -->
