<?xml version="1.0" encoding="UTF-8"?>
<!-- Generated by org.testng.reporters.JUnitXMLReporter -->
<testsuite ignored="0" hostname="L-INE-JQSQVG3" failures="0" tests="3" name="FirefoxTest" time="40.644" errors="0" timestamp="2025-08-04T12:41:03 IST">
  <testcase classname="session45_DataProvANDParallel.ParallelTest" name="testlogo" time="7.971"/>
  <testcase classname="session45_DataProvANDParallel.ParallelTest" name="testTitle" time="0.019"/>
  <testcase classname="session45_DataProvANDParallel.ParallelTest" name="testURL" time="0.009"/>
</testsuite> <!-- FirefoxTest -->
