<?xml version="1.0" encoding="UTF-8"?>
<!-- Generated by org.testng.reporters.JUnitXMLReporter -->
<testsuite ignored="0" hostname="L-INE-JQSQVG3" failures="1" tests="3" name="Test" time="28.719" errors="0" timestamp="2025-08-06T11:03:13 IST">
  <testcase classname="session46_ListenersANDExtentReportGen.ListenersDemo" name="testlogo" time="0.101"/>
  <testcase classname="session46_ListenersANDExtentReportGen.ListenersDemo" name="testURL" time="0.034">
    <failure type="java.lang.AssertionError" message="expected [https://opensource-demo.orangehrmlive.com/web/index.php/] but found [https://opensource-demo.orangehrmlive.com/web/index.php/auth/login]">
      <![CDATA[java.lang.AssertionError: expected [https://opensource-demo.orangehrmlive.com/web/index.php/] but found [https://opensource-demo.orangehrmlive.com/web/index.php/auth/login]
at session46_ListenersANDExtentReportGen.ListenersDemo.testURL(ListenersDemo.java:42)
at java.base/java.util.ArrayList.forEach(ArrayList.java:1511)
... Removed 33 stack frames]]>
    </failure>
  </testcase> <!-- testURL -->
  <testcase classname="session46_ListenersANDExtentReportGen.ListenersDemo" name="testTitle" time="0.0">
    <skipped/>
  </testcase> <!-- testTitle -->
</testsuite> <!-- Test -->
