<?xml version="1.0" encoding="UTF-8"?>
<!-- Generated by org.testng.reporters.JUnitXMLReporter -->
<testsuite ignored="0" hostname="L-INE-JQSQVG3" failures="0" tests="3" name="Test2" time="0.015" errors="0" timestamp="2025-07-31T22:34:18 IST">
  <testcase classname="session43_TestNGAnnoV1.Annotations1" name="login" time="0.001"/>
  <testcase classname="session43_TestNGAnnoV1.Annotations" name="login" time="0.001"/>
  <testcase classname="session43_TestNGAnnoV1.Annotations3" name="suite" time="0.003"/>
</testsuite> <!-- Test2 -->
