<?xml version="1.0" encoding="UTF-8"?>
<!-- Generated by org.testng.reporters.JUnitXMLReporter -->
<testsuite ignored="2" hostname="L-INE-JQSQVG3" failures="0" tests="1" name="Default test(failed)(failed)" time="10.799" errors="0" timestamp="2025-08-04T10:54:26 IST">
  <testcase classname="session45_DataProvANDParallel.ParallelTest" name="testlogo" time="0.124"/>
  <testcase classname="session45_DataProvANDParallel.ParallelTest" name="testURL" time="0.0">
    <ignored/>
  </testcase> <!-- testURL -->
  <testcase classname="session45_DataProvANDParallel.ParallelTest" name="testTitle" time="0.0">
    <ignored/>
  </testcase> <!-- testTitle -->
</testsuite> <!-- Default test(failed)(failed) -->
