<?xml version="1.0" encoding="UTF-8"?>
<!-- Generated by org.testng.reporters.JUnitXMLReporter -->
<testsuite ignored="0" hostname="L-INE-JQSQVG3" failures="0" tests="8" name="MyTestAll" time="15.882" errors="0" timestamp="2025-07-31T18:32:42 IST">
  <testcase classname="session42_TestNG.SecondCaseOrangeHRM" name="openapp" time="7.637"/>
  <testcase classname="session42_TestNG.SecondCaseOrangeHRM" name="testlogo" time="3.077"/>
  <testcase classname="session42_TestNG.SecondCaseOrangeHRM" name="login" time="1.655"/>
  <testcase classname="session42_TestNG.SecondCaseOrangeHRM" name="logout" time="3.391"/>
  <testcase classname="session42_TestNG.FirstCase" name="openapp" time="0.0"/>
  <testcase classname="session42_TestNG.FirstCase" name="login" time="0.005"/>
  <testcase classname="session42_TestNG.FirstCase" name="logout" time="0.003"/>
  <testcase classname="session42_TestNG.FirstCase" name="closeapp" time="0.001"/>
</testsuite> <!-- MyTestAll -->
