<?xml version="1.0" encoding="UTF-8"?>
<!-- Generated by org.testng.reporters.JUnitReportReporter -->
<testsuite hostname="L-INE-JQSQVG3" failures="0" tests="2" name="session43_TestNGAnno.AllTypeOfAnnotations" time="0.008" errors="0" timestamp="2025-07-31T22:51:04 IST" skipped="0">
  <testcase classname="session43_TestNGAnno.AllTypeOfAnnotations" name="test1" time="0.005"/>
  <testcase classname="session43_TestNGAnno.AllTypeOfAnnotations" name="test2" time="0.003"/>
</testsuite> <!-- session43_TestNGAnno.AllTypeOfAnnotations -->
