<?xml version="1.0" encoding="UTF-8"?>
<!-- Generated by org.testng.reporters.JUnitReportReporter -->
<testsuite hostname="L-INE-JQSQVG3" failures="0" tests="3" name="session_42_TestNG.FirstCase" time="0.013" errors="0" timestamp="2025-07-31T16:54:34 IST" skipped="0">
  <testcase classname="session_42_TestNG.FirstCase" name="openapp" time="0.002"/>
  <testcase classname="session_42_TestNG.FirstCase" name="logout" time="0.002"/>
  <testcase classname="session_42_TestNG.FirstCase" name="login" time="0.009"/>
</testsuite> <!-- session_42_TestNG.FirstCase -->
