<?xml version="1.0" encoding="UTF-8"?>
<!-- Generated by org.testng.reporters.JUnitReportReporter -->
<testsuite hostname="L-INE-JQSQVG3" failures="0" tests="4" name="session42_TestNG.FirstCase" time="0.009" errors="0" timestamp="2025-07-31T18:32:42 IST" skipped="0">
  <testcase classname="session42_TestNG.FirstCase" name="openapp" time="0.000"/>
  <testcase classname="session42_TestNG.FirstCase" name="login" time="0.005"/>
  <testcase classname="session42_TestNG.FirstCase" name="logout" time="0.003"/>
  <testcase classname="session42_TestNG.FirstCase" name="closeapp" time="0.001"/>
</testsuite> <!-- session42_TestNG.FirstCase -->
