<?xml version="1.0" encoding="UTF-8"?>
<!-- Generated by org.testng.reporters.JUnitReportReporter -->
<testsuite hostname="L-INE-JQSQVG3" failures="0" tests="2" name="session44_DependencyANDGrouping.GroupingPaymentTest" time="0.015" errors="0" timestamp="2025-08-01T17:31:49 IST" skipped="0">
  <testcase classname="session44_DependencyANDGrouping.GroupingPaymentTest" name="paymentinRupees" time="0.013"/>
  <testcase classname="session44_DependencyANDGrouping.GroupingPaymentTest" name="paymentinDollars" time="0.002"/>
</testsuite> <!-- session44_DependencyANDGrouping.GroupingPaymentTest -->
