<?xml version="1.0" encoding="UTF-8"?>
<!-- Generated by org.testng.reporters.JUnitReportReporter -->
<testsuite hostname="L-INE-JQSQVG3" failures="0" tests="2" name="session43_TestNGAnnoV1.Annotations" time="0.002" errors="0" timestamp="2025-07-31T22:34:18 IST" skipped="0">
  <testcase classname="session43_TestNGAnnoV1.Annotations" name="login" time="0.001"/>
  <testcase classname="session43_TestNGAnnoV1.Annotations" name="login" time="0.001"/>
</testsuite> <!-- session43_TestNGAnnoV1.Annotations -->
