<?xml version="1.0" encoding="UTF-8"?>
<!-- Generated by org.testng.reporters.JUnitReportReporter -->
<testsuite hostname="L-INE-JQSQVG3" failures="0" tests="4" name="session42_TestNG.SecondCaseOrangeHRM" time="15.760" errors="0" timestamp="2025-07-31T18:32:42 IST" skipped="0">
  <testcase classname="session42_TestNG.SecondCaseOrangeHRM" name="openapp" time="7.637"/>
  <testcase classname="session42_TestNG.SecondCaseOrangeHRM" name="testlogo" time="3.077"/>
  <testcase classname="session42_TestNG.SecondCaseOrangeHRM" name="login" time="1.655"/>
  <testcase classname="session42_TestNG.SecondCaseOrangeHRM" name="logout" time="3.391"/>
</testsuite> <!-- session42_TestNG.SecondCaseOrangeHRM -->
